f:\woowzengine\woowzengine\build\lua\release\lua.pdb
f:\woowzengine\woowzengine\intermediate\lua\release\lopcodes.obj
f:\woowzengine\woowzengine\intermediate\lua\release\lobject.obj
f:\woowzengine\woowzengine\intermediate\lua\release\loadlib.obj
f:\woowzengine\woowzengine\intermediate\lua\release\lmem.obj
f:\woowzengine\woowzengine\intermediate\lua\release\lmathlib.obj
f:\woowzengine\woowzengine\intermediate\lua\release\llex.obj
f:\woowzengine\woowzengine\intermediate\lua\release\liolib.obj
f:\woowzengine\woowzengine\intermediate\lua\release\linit.obj
f:\woowzengine\woowzengine\intermediate\lua\release\lgc.obj
f:\woowzengine\woowzengine\intermediate\lua\release\lfunc.obj
f:\woowzengine\woowzengine\intermediate\lua\release\ldump.obj
f:\woowzengine\woowzengine\intermediate\lua\release\ldo.obj
f:\woowzengine\woowzengine\intermediate\lua\release\ldebug.obj
f:\woowzengine\woowzengine\intermediate\lua\release\ldblib.obj
f:\woowzengine\woowzengine\intermediate\lua\release\lctype.obj
f:\woowzengine\woowzengine\intermediate\lua\release\lcorolib.obj
f:\woowzengine\woowzengine\intermediate\lua\release\lcode.obj
f:\woowzengine\woowzengine\intermediate\lua\release\lbaselib.obj
f:\woowzengine\woowzengine\intermediate\lua\release\lauxlib.obj
f:\woowzengine\woowzengine\intermediate\lua\release\lapi.obj
f:\woowzengine\woowzengine\intermediate\lua\release\lzio.obj
f:\woowzengine\woowzengine\intermediate\lua\release\lvm.obj
f:\woowzengine\woowzengine\intermediate\lua\release\lutf8lib.obj
f:\woowzengine\woowzengine\intermediate\lua\release\lundump.obj
f:\woowzengine\woowzengine\intermediate\lua\release\lua.obj
f:\woowzengine\woowzengine\intermediate\lua\release\ltm.obj
f:\woowzengine\woowzengine\intermediate\lua\release\ltablib.obj
f:\woowzengine\woowzengine\intermediate\lua\release\ltable.obj
f:\woowzengine\woowzengine\intermediate\lua\release\lstrlib.obj
f:\woowzengine\woowzengine\intermediate\lua\release\lstring.obj
f:\woowzengine\woowzengine\intermediate\lua\release\lstate.obj
f:\woowzengine\woowzengine\intermediate\lua\release\lparser.obj
f:\woowzengine\woowzengine\intermediate\lua\release\loslib.obj
f:\woowzengine\woowzengine\build\lua\release\lua.lib
f:\woowzengine\woowzengine\intermediate\lua\release\lua.vcxproj.filelistabsolute.txt
f:\woowzengine\woowzengine\intermediate\lua\release\lua.tlog\cl.command.1.tlog
f:\woowzengine\woowzengine\intermediate\lua\release\lua.tlog\cl.items.tlog
f:\woowzengine\woowzengine\intermediate\lua\release\lua.tlog\cl.read.1.tlog
f:\woowzengine\woowzengine\intermediate\lua\release\lua.tlog\cl.write.1.tlog
f:\woowzengine\woowzengine\intermediate\lua\release\lua.tlog\lib-link.read.1.tlog
f:\woowzengine\woowzengine\intermediate\lua\release\lua.tlog\lib-link.write.1.tlog
f:\woowzengine\woowzengine\intermediate\lua\release\lua.tlog\lib.command.1.tlog
